<?xml version="1.0" encoding="UTF-8"?>
<testsuite name="runners.RunnerTags" tests="1" skipped="0" failures="1" errors="0" timestamp="2022-06-12T23:26:34" hostname="DESKTOP-P8ML5H8" time="0.001">
  <properties/>
  <testcase name="initializationError" classname="runners.RunnerTags" time="0.001">
    <failure message="io.cucumber.core.gherkin.FeatureParserException: Failed to parse resource at: file:///C:/Users/ASUSI/IdeaProjects/proyectoBase/src/test/resources/features/academyChoucair.feature&#10;(4:3): expected: #TagLine, #FeatureLine, #Comment, #Empty, got 'Feature: AcademyChoucair'&#10;(5:3): expected: #TagLine, #FeatureLine, #Comment, #Empty, got 'As a user,I want to learn how to automate in screenplay at the choucair academy with the automation course'&#10;(8:3): expected: #TagLine, #FeatureLine, #Comment, #Empty, got 'Scenario: Search for a automation course'&#10;(9:5): expected: #TagLine, #FeatureLine, #Comment, #Empty, got 'Given Than brandon wants to learn automation at the academy Choucair'&#10;(10:5): expected: #TagLine, #FeatureLine, #Comment, #Empty, got 'When he search for the course Recursos Automatizacion Bancolombia on the choucair academy platform'&#10;(11:5): expected: #TagLine, #FeatureLine, #Comment, #Empty, got 'Then he finds the course called resources Recursos Automatizacion Bancolombia'&#10;(12:0): unexpected end of file, expected: #TagLine, #FeatureLine, #Comment, #Empty" type="io.cucumber.core.gherkin.FeatureParserException">io.cucumber.core.gherkin.FeatureParserException: Failed to parse resource at: file:///C:/Users/ASUSI/IdeaProjects/proyectoBase/src/test/resources/features/academyChoucair.feature
(4:3): expected: #TagLine, #FeatureLine, #Comment, #Empty, got 'Feature: AcademyChoucair'
(5:3): expected: #TagLine, #FeatureLine, #Comment, #Empty, got 'As a user,I want to learn how to automate in screenplay at the choucair academy with the automation course'
(8:3): expected: #TagLine, #FeatureLine, #Comment, #Empty, got 'Scenario: Search for a automation course'
(9:5): expected: #TagLine, #FeatureLine, #Comment, #Empty, got 'Given Than brandon wants to learn automation at the academy Choucair'
(10:5): expected: #TagLine, #FeatureLine, #Comment, #Empty, got 'When he search for the course Recursos Automatizacion Bancolombia on the choucair academy platform'
(11:5): expected: #TagLine, #FeatureLine, #Comment, #Empty, got 'Then he finds the course called resources Recursos Automatizacion Bancolombia'
(12:0): unexpected end of file, expected: #TagLine, #FeatureLine, #Comment, #Empty
	at app//io.cucumber.core.gherkin.messages.GherkinMessagesFeatureParser.parse(GherkinMessagesFeatureParser.java:52)
	at app//io.cucumber.core.feature.FeatureParser.parseResource(FeatureParser.java:47)
	at java.base@11.0.14/java.util.function.BiFunction.lambda$andThen$0(BiFunction.java:70)
	at app//io.cucumber.core.resource.ResourceScanner.lambda$processResource$1(ResourceScanner.java:79)
	at app//io.cucumber.core.resource.PathScanner$ResourceFileVisitor.visitFile(PathScanner.java:75)
	at app//io.cucumber.core.resource.PathScanner$ResourceFileVisitor.visitFile(PathScanner.java:60)
	at java.base@11.0.14/java.nio.file.Files.walkFileTree(Files.java:2725)
	at app//io.cucumber.core.resource.PathScanner.findResourcesForPath(PathScanner.java:53)
	at app//io.cucumber.core.resource.PathScanner.findResourcesForUri(PathScanner.java:31)
	at app//io.cucumber.core.resource.ResourceScanner.findResourcesForUri(ResourceScanner.java:61)
	at app//io.cucumber.core.resource.ResourceScanner.scanForResourcesUri(ResourceScanner.java:134)
	at app//io.cucumber.core.runtime.FeaturePathFeatureSupplier.loadFeatures(FeaturePathFeatureSupplier.java:62)
	at app//io.cucumber.core.runtime.FeaturePathFeatureSupplier.get(FeaturePathFeatureSupplier.java:45)
	at app//io.cucumber.junit.CucumberSerenityRunner.&lt;init&gt;(CucumberSerenityRunner.java:130)
	at app//net.serenitybdd.cucumber.CucumberWithSerenity.&lt;init&gt;(CucumberWithSerenity.java:9)
	at java.base@11.0.14/jdk.internal.reflect.NativeConstructorAccessorImpl.newInstance0(Native Method)
	at java.base@11.0.14/jdk.internal.reflect.NativeConstructorAccessorImpl.newInstance(NativeConstructorAccessorImpl.java:62)
	at java.base@11.0.14/jdk.internal.reflect.DelegatingConstructorAccessorImpl.newInstance(DelegatingConstructorAccessorImpl.java:45)
	at java.base@11.0.14/java.lang.reflect.Constructor.newInstance(Constructor.java:490)
	at app//org.junit.internal.builders.AnnotatedBuilder.buildRunner(AnnotatedBuilder.java:104)
	at app//org.junit.internal.builders.AnnotatedBuilder.runnerForClass(AnnotatedBuilder.java:86)
	at app//org.junit.runners.model.RunnerBuilder.safeRunnerForClass(RunnerBuilder.java:59)
	at app//org.junit.internal.builders.AllDefaultPossibilitiesBuilder.runnerForClass(AllDefaultPossibilitiesBuilder.java:26)
	at app//org.junit.runners.model.RunnerBuilder.safeRunnerForClass(RunnerBuilder.java:59)
	at app//org.junit.internal.requests.ClassRequest.getRunner(ClassRequest.java:33)
	at org.gradle.api.internal.tasks.testing.junit.JUnitTestClassExecutor.runTestClass(JUnitTestClassExecutor.java:78)
	at org.gradle.api.internal.tasks.testing.junit.JUnitTestClassExecutor.execute(JUnitTestClassExecutor.java:58)
	at org.gradle.api.internal.tasks.testing.junit.JUnitTestClassExecutor.execute(JUnitTestClassExecutor.java:38)
	at org.gradle.api.internal.tasks.testing.junit.AbstractJUnitTestClassProcessor.processTestClass(AbstractJUnitTestClassProcessor.java:62)
	at org.gradle.api.internal.tasks.testing.SuiteTestClassProcessor.processTestClass(SuiteTestClassProcessor.java:51)
	at java.base@11.0.14/jdk.internal.reflect.NativeMethodAccessorImpl.invoke0(Native Method)
	at java.base@11.0.14/jdk.internal.reflect.NativeMethodAccessorImpl.invoke(NativeMethodAccessorImpl.java:62)
	at java.base@11.0.14/jdk.internal.reflect.DelegatingMethodAccessorImpl.invoke(DelegatingMethodAccessorImpl.java:43)
	at java.base@11.0.14/java.lang.reflect.Method.invoke(Method.java:566)
	at org.gradle.internal.dispatch.ReflectionDispatch.dispatch(ReflectionDispatch.java:36)
	at org.gradle.internal.dispatch.ReflectionDispatch.dispatch(ReflectionDispatch.java:24)
	at org.gradle.internal.dispatch.ContextClassLoaderDispatch.dispatch(ContextClassLoaderDispatch.java:33)
	at org.gradle.internal.dispatch.ProxyDispatchAdapter$DispatchingInvocationHandler.invoke(ProxyDispatchAdapter.java:94)
	at com.sun.proxy.$Proxy2.processTestClass(Unknown Source)
	at org.gradle.api.internal.tasks.testing.worker.TestWorker$2.run(TestWorker.java:176)
	at org.gradle.api.internal.tasks.testing.worker.TestWorker.executeAndMaintainThreadName(TestWorker.java:129)
	at org.gradle.api.internal.tasks.testing.worker.TestWorker.execute(TestWorker.java:100)
	at org.gradle.api.internal.tasks.testing.worker.TestWorker.execute(TestWorker.java:60)
	at org.gradle.process.internal.worker.child.ActionExecutionWorker.execute(ActionExecutionWorker.java:56)
	at org.gradle.process.internal.worker.child.SystemApplicationClassLoaderWorker.call(SystemApplicationClassLoaderWorker.java:133)
	at org.gradle.process.internal.worker.child.SystemApplicationClassLoaderWorker.call(SystemApplicationClassLoaderWorker.java:71)
	at app//worker.org.gradle.process.internal.worker.GradleWorkerMain.run(GradleWorkerMain.java:69)
	at app//worker.org.gradle.process.internal.worker.GradleWorkerMain.main(GradleWorkerMain.java:74)
</failure>
  </testcase>
  <system-out><![CDATA[18:26:34.422 [Test worker] DEBUG net.thucydides.core.util.PropertiesFileLocalPreferences - LOADING LOCAL PROPERTIES FROM C:\Users\ASUSI\IdeaProjects\proyectoBase\serenity.properties 
18:26:34.456 [Test worker] DEBUG net.thucydides.core.util.PropertiesFileLocalPreferences - LOADING LOCAL PROPERTIES FROM C:\Users\ASUSI\IdeaProjects\proyectoBase\serenity.properties 
18:26:34.457 [Test worker] DEBUG net.thucydides.core.util.PropertiesFileLocalPreferences - LOADING LOCAL PROPERTIES FROM C:\Users\ASUSI\IdeaProjects\proyectoBase\serenity.properties 
18:26:34.463 [Test worker] DEBUG net.thucydides.core.util.PropertiesFileLocalPreferences - webdriver.driver=chrome
18:26:34.464 [Test worker] DEBUG net.thucydides.core.util.PropertiesFileLocalPreferences - webdriver.chrome.driver=src/test/resources/driver/chromedriver.exe
18:26:34.464 [Test worker] DEBUG net.thucydides.core.util.PropertiesFileLocalPreferences - feature.file.encoding=UTF8
18:26:34.464 [Test worker] DEBUG net.thucydides.core.util.PropertiesFileLocalPreferences - serenity.report.encoding=UTF8
18:26:34.464 [Test worker] DEBUG net.thucydides.core.util.PropertiesFileLocalPreferences - chrome.switches=--start-maximized
18:26:34.464 [Test worker] DEBUG net.thucydides.core.util.PropertiesFileLocalPreferences - serenity.test.root=net.thucydides.showcase.cucumber.junit
18:26:34.464 [Test worker] DEBUG net.thucydides.core.util.PropertiesFileLocalPreferences - serenity.verbose.steps=FALSE
18:26:34.464 [Test worker] DEBUG net.thucydides.core.util.PropertiesFileLocalPreferences - serenity.project.name=Demo Project using Serenity and Cucumber
18:26:34.464 [Test worker] DEBUG net.thucydides.core.util.PropertiesFileLocalPreferences - serenity.take.screenshots=AFTER_EACH_STEP
18:26:34.464 [Test worker] DEBUG net.thucydides.core.util.PropertiesFileLocalPreferences - webdriver.timeouts.implicitlywait=10000
18:26:34.465 [Test worker] DEBUG net.thucydides.core.util.PropertiesFileLocalPreferences - serenity.logging=verbose
18:26:34.465 [Test worker] DEBUG net.thucydides.core.util.PropertiesFileLocalPreferences - serenity.console.timestamp=true
18:26:34.465 [Test worker] DEBUG net.thucydides.core.util.PropertiesFileLocalPreferences - serenity.console.colors=true
18:26:34.465 [Test worker] DEBUG net.thucydides.core.util.PropertiesFileLocalPreferences - webdriver.autodownload=true
18:26:34.465 [Test worker] DEBUG net.thucydides.core.util.PropertiesFileLocalPreferences - webdriver.timeouts.fluentwait=10000
18:26:34.465 [Test worker] DEBUG net.thucydides.core.util.PropertiesFileLocalPreferences - headless.mode=false
18:26:34.465 [Test worker] DEBUG net.thucydides.core.util.PropertiesFileLocalPreferences - test.testLogging.showStandardStreams=true
]]></system-out>
  <system-err><![CDATA[SLF4J: Class path contains multiple SLF4J bindings.
SLF4J: Found binding in [jar:file:/C:/Users/ASUSI/.gradle/caches/modules-2/files-2.1/ch.qos.logback/logback-classic/1.2.3/7c4f3c474fb2c041d8028740440937705ebb473a/logback-classic-1.2.3.jar!/org/slf4j/impl/StaticLoggerBinder.class]
SLF4J: Found binding in [jar:file:/C:/Users/ASUSI/.gradle/caches/modules-2/files-2.1/org.slf4j/slf4j-jdk14/1.7.30/d35953dd2fe54ebe39fdf18cfd82fe6eb35b25ed/slf4j-jdk14-1.7.30.jar!/org/slf4j/impl/StaticLoggerBinder.class]
SLF4J: See http://www.slf4j.org/codes.html#multiple_bindings for an explanation.
SLF4J: Actual binding is of type [ch.qos.logback.classic.util.ContextSelectorStaticBinder]
]]></system-err>
</testsuite>
